#
# There is insufficient memory for the Java Runtime Environment to continue.
# Native memory allocation (malloc) failed to allocate 32744 bytes for ChunkPool::allocate
# Possible reasons:
#   The system is out of physical RAM or swap space
#   The process is running with CompressedOops enabled, and the Java Heap may be blocking the growth of the native heap
# Possible solutions:
#   Reduce memory load on the system
#   Increase physical memory or swap space
#   Check if swap backing store is full
#   Decrease Java heap size (-Xmx/-Xms)
#   Decrease number of Java threads
#   Decrease Java thread stack sizes (-Xss)
#   Set larger code cache with -XX:ReservedCodeCacheSize=
#   JVM is running with Unscaled Compressed Oops mode in which the Java heap is
#     placed in the first 4GB address space. The Java Heap base address is the
#     maximum limit for the native heap growth. Please use -XX:HeapBaseMinAddress
#     to set the Java Heap base and to place the Java Heap above 4GB virtual address.
# This output file may be truncated or incomplete.
#
#  Out of Memory Error (arena.cpp:78), pid=11712, tid=13364
#
# JRE version: OpenJDK Runtime Environment (17.0.6) (build 17.0.6+0-b2043.56-10027231)
# Java VM: OpenJDK 64-Bit Server VM (17.0.6+0-b2043.56-10027231, mixed mode, tiered, compressed oops, compressed class ptrs, g1 gc, windows-amd64)
# No core dump will be written. Minidumps are not enabled by default on client versions of Windows
#

---------------  S U M M A R Y ------------

Command Line: org.jetbrains.kotlin.cli.jvm.K2JVMCompiler @E:\hhhh\simple-calendar-master\simple-calendar-master\app\build\20231107_12563043089208856371.compiler.options

Host: Intel(R) Core(TM) i3-8145U CPU @ 2.10GHz, 4 cores, 3G,  Windows 11 , 64 bit Build 22621 (10.0.22621.2428)
Time: Tue Nov  7 22:29:22 2023 SE Asia Standard Time elapsed time: 23.416659 seconds (0d 0h 0m 23s)

---------------  T H R E A D  ---------------

Current thread (0x0000024bc230f380):  JavaThread "C2 CompilerThread0" daemon [_thread_in_native, id=13364, stack(0x000000c683f00000,0x000000c684000000)]


Current CompileTask:
C2:  23416 3831       4       org.jetbrains.kotlin.parsing.AbstractKotlinParsing::at (114 bytes)

Stack: [0x000000c683f00000,0x000000c684000000]
Native frames: (J=compiled Java code, j=interpreted, Vv=VM code, C=native code)
V  [jvm.dll+0x683c9a]
V  [jvm.dll+0x8427a4]
V  [jvm.dll+0x843f9e]
V  [jvm.dll+0x844603]
V  [jvm.dll+0x249b75]
V  [jvm.dll+0xabecc]
V  [jvm.dll+0xac27c]
V  [jvm.dll+0x36dad2]
V  [jvm.dll+0x56b938]
V  [jvm.dll+0x332f60]
V  [jvm.dll+0x3323da]
V  [jvm.dll+0x21c201]
V  [jvm.dll+0x21b621]
V  [jvm.dll+0x1a4fdd]
V  [jvm.dll+0x22b098]
V  [jvm.dll+0x229159]
V  [jvm.dll+0x7f81ec]
V  [jvm.dll+0x7f274a]
V  [jvm.dll+0x682ad5]
C  [ucrtbase.dll+0x29363]
C  [KERNEL32.DLL+0x1257d]
C  [ntdll.dll+0x5aa78]


---------------  P R O C E S S  ---------------

Threads class SMR info:
_java_thread_list=0x0000024bc617e4b0, length=13, elements={
0x0000024bab4180e0, 0x0000024bc22d8270, 0x0000024bc22d90e0, 0x0000024bc23086b0,
0x0000024bc230b180, 0x0000024bc230dc40, 0x0000024bc230e5f0, 0x0000024bc230f380,
0x0000024bc2d48790, 0x0000024bc233cbc0, 0x0000024bc2e3b550, 0x0000024bc2e49c40,
0x0000024bc36476c0
}

Java Threads: ( => current thread )
  0x0000024bab4180e0 JavaThread "main" [_thread_in_Java, id=11680, stack(0x000000c683200000,0x000000c683300000)]
  0x0000024bc22d8270 JavaThread "Reference Handler" daemon [_thread_blocked, id=9192, stack(0x000000c683900000,0x000000c683a00000)]
  0x0000024bc22d90e0 JavaThread "Finalizer" daemon [_thread_blocked, id=5972, stack(0x000000c683a00000,0x000000c683b00000)]
  0x0000024bc23086b0 JavaThread "Signal Dispatcher" daemon [_thread_blocked, id=5800, stack(0x000000c683b00000,0x000000c683c00000)]
  0x0000024bc230b180 JavaThread "Attach Listener" daemon [_thread_blocked, id=14308, stack(0x000000c683c00000,0x000000c683d00000)]
  0x0000024bc230dc40 JavaThread "Service Thread" daemon [_thread_blocked, id=13928, stack(0x000000c683d00000,0x000000c683e00000)]
  0x0000024bc230e5f0 JavaThread "Monitor Deflation Thread" daemon [_thread_blocked, id=14364, stack(0x000000c683e00000,0x000000c683f00000)]
=>0x0000024bc230f380 JavaThread "C2 CompilerThread0" daemon [_thread_in_native, id=13364, stack(0x000000c683f00000,0x000000c684000000)]
  0x0000024bc2d48790 JavaThread "C1 CompilerThread0" daemon [_thread_blocked, id=14852, stack(0x000000c684000000,0x000000c684100000)]
  0x0000024bc233cbc0 JavaThread "Sweeper thread" daemon [_thread_blocked, id=12432, stack(0x000000c684100000,0x000000c684200000)]
  0x0000024bc2e3b550 JavaThread "Notification Thread" daemon [_thread_blocked, id=12348, stack(0x000000c684200000,0x000000c684300000)]
  0x0000024bc2e49c40 JavaThread "Common-Cleaner" daemon [_thread_blocked, id=14196, stack(0x000000c684400000,0x000000c684500000)]
  0x0000024bc36476c0 JavaThread "C2 CompilerThread1" daemon [_thread_in_native, id=3480, stack(0x000000c684800000,0x000000c684900000)]

Other Threads:
  0x0000024bab4de940 VMThread "VM Thread" [stack: 0x000000c683800000,0x000000c683900000] [id=13136]
  0x0000024bab466420 WatcherThread [stack: 0x000000c684300000,0x000000c684400000] [id=10100]
  0x0000024bab456660 GCTaskThread "GC Thread#0" [stack: 0x000000c683300000,0x000000c683400000] [id=3392]
  0x0000024bc321fed0 GCTaskThread "GC Thread#1" [stack: 0x000000c684500000,0x000000c684600000] [id=12932]
  0x0000024bc3271a30 GCTaskThread "GC Thread#2" [stack: 0x000000c684600000,0x000000c684700000] [id=3596]
  0x0000024bc32830f0 GCTaskThread "GC Thread#3" [stack: 0x000000c684700000,0x000000c684800000] [id=16364]
  0x0000024bab45f9c0 ConcurrentGCThread "G1 Main Marker" [stack: 0x000000c683400000,0x000000c683500000] [id=15960]
  0x0000024bab4603d0 ConcurrentGCThread "G1 Conc#0" [stack: 0x000000c683500000,0x000000c683600000] [id=13108]
  0x0000024bab4afeb0 ConcurrentGCThread "G1 Refine#0" [stack: 0x000000c683600000,0x000000c683700000] [id=13596]
  0x0000024bab4b08d0 ConcurrentGCThread "G1 Service" [stack: 0x000000c683700000,0x000000c683800000] [id=11180]

Threads with active compile tasks:
C2 CompilerThread0    23514 3831       4       org.jetbrains.kotlin.parsing.AbstractKotlinParsing::at (114 bytes)
C2 CompilerThread1    23514 3904       4       org.jetbrains.kotlin.com.intellij.psi.impl.source.CharTableImpl::intern (71 bytes)

VM state: not at safepoint (normal execution)

VM Mutex/Monitor currently owned by a thread: None

Heap address: 0x00000000c1c00000, size: 996 MB, Compressed Oops mode: 32-bit

CDS archive(s) not mapped
Compressed class space mapped at: 0x0000000100000000-0x0000000140000000, reserved size: 1073741824
Narrow klass base: 0x0000000000000000, Narrow klass shift: 3, Narrow klass range: 0x140000000

GC Precious Log:
 CPUs: 4 total, 4 available
 Memory: 3976M
 Large Page Support: Disabled
 NUMA Support: Disabled
 Compressed Oops: Enabled (32-bit)
 Heap Region Size: 1M
 Heap Min Capacity: 8M
 Heap Initial Capacity: 64M
 Heap Max Capacity: 996M
 Pre-touch: Disabled
 Parallel Workers: 4
 Concurrent Workers: 1
 Concurrent Refinement Workers: 4
 Periodic GC: Disabled

Heap:
 garbage-first heap   total 82944K, used 42146K [0x00000000c1c00000, 0x0000000100000000)
  region size 1024K, 20 young (20480K), 5 survivors (5120K)
 Metaspace       used 44915K, committed 45184K, reserved 1089536K
  class space    used 5369K, committed 5504K, reserved 1048576K

Heap Regions: E=young(eden), S=young(survivor), O=old, HS=humongous(starts), HC=humongous(continues), CS=collection set, F=free, OA=open archive, CA=closed archive, TAMS=top-at-mark-start (previous, next)
|   0|0x00000000c1c00000, 0x00000000c1d00000, 0x00000000c1d00000|100%|HS|  |TAMS 0x00000000c1d00000, 0x00000000c1c00000| Complete 
|   1|0x00000000c1d00000, 0x00000000c1e00000, 0x00000000c1e00000|100%|HC|  |TAMS 0x00000000c1e00000, 0x00000000c1d00000| Complete 
|   2|0x00000000c1e00000, 0x00000000c1f00000, 0x00000000c1f00000|100%|HC|  |TAMS 0x00000000c1f00000, 0x00000000c1e00000| Complete 
|   3|0x00000000c1f00000, 0x00000000c2000000, 0x00000000c2000000|100%|HC|  |TAMS 0x00000000c2000000, 0x00000000c1f00000| Complete 
|   4|0x00000000c2000000, 0x00000000c20f5e00, 0x00000000c2100000| 96%| O|  |TAMS 0x00000000c20f5e00, 0x00000000c2000000| Untracked 
|   5|0x00000000c2100000, 0x00000000c2200000, 0x00000000c2200000|100%| O|  |TAMS 0x00000000c2200000, 0x00000000c2100000| Untracked 
|   6|0x00000000c2200000, 0x00000000c2300000, 0x00000000c2300000|100%| O|  |TAMS 0x00000000c2200000, 0x00000000c2200000| Untracked 
|   7|0x00000000c2300000, 0x00000000c2400000, 0x00000000c2400000|100%| O|  |TAMS 0x00000000c2400000, 0x00000000c2300000| Untracked 
|   8|0x00000000c2400000, 0x00000000c2500000, 0x00000000c2500000|100%| O|  |TAMS 0x00000000c2500000, 0x00000000c2400000| Untracked 
|   9|0x00000000c2500000, 0x00000000c2600000, 0x00000000c2600000|100%| O|  |TAMS 0x00000000c2600000, 0x00000000c2500000| Untracked 
|  10|0x00000000c2600000, 0x00000000c2700000, 0x00000000c2700000|100%| O|  |TAMS 0x00000000c2700000, 0x00000000c2600000| Untracked 
|  11|0x00000000c2700000, 0x00000000c2800000, 0x00000000c2800000|100%| O|  |TAMS 0x00000000c2800000, 0x00000000c2700000| Untracked 
|  12|0x00000000c2800000, 0x00000000c2900000, 0x00000000c2900000|100%| O|  |TAMS 0x00000000c2900000, 0x00000000c2800000| Untracked 
|  13|0x00000000c2900000, 0x00000000c2a00000, 0x00000000c2a00000|100%| O|  |TAMS 0x00000000c29e7a00, 0x00000000c2900000| Untracked 
|  14|0x00000000c2a00000, 0x00000000c2b00000, 0x00000000c2b00000|100%| O|  |TAMS 0x00000000c2b00000, 0x00000000c2a00000| Untracked 
|  15|0x00000000c2b00000, 0x00000000c2c00000, 0x00000000c2c00000|100%| O|  |TAMS 0x00000000c2c00000, 0x00000000c2b00000| Untracked 
|  16|0x00000000c2c00000, 0x00000000c2d00000, 0x00000000c2d00000|100%| O|  |TAMS 0x00000000c2c00000, 0x00000000c2c00000| Untracked 
|  17|0x00000000c2d00000, 0x00000000c2e00000, 0x00000000c2e00000|100%| O|  |TAMS 0x00000000c2e00000, 0x00000000c2d00000| Untracked 
|  18|0x00000000c2e00000, 0x00000000c2f00000, 0x00000000c2f00000|100%| O|  |TAMS 0x00000000c2f00000, 0x00000000c2e00000| Untracked 
|  19|0x00000000c2f00000, 0x00000000c2f32a00, 0x00000000c3000000| 19%| O|  |TAMS 0x00000000c2f00000, 0x00000000c2f00000| Untracked 
|  20|0x00000000c3000000, 0x00000000c3100000, 0x00000000c3100000|100%| O|  |TAMS 0x00000000c3000000, 0x00000000c3000000| Untracked 
|  21|0x00000000c3100000, 0x00000000c3200000, 0x00000000c3200000|100%| O|  |TAMS 0x00000000c3100000, 0x00000000c3100000| Untracked 
|  22|0x00000000c3200000, 0x00000000c3300000, 0x00000000c3300000|100%| O|  |TAMS 0x00000000c3200000, 0x00000000c3200000| Untracked 
|  23|0x00000000c3300000, 0x00000000c3300000, 0x00000000c3400000|  0%| F|  |TAMS 0x00000000c3300000, 0x00000000c3300000| Untracked 
|  24|0x00000000c3400000, 0x00000000c3400000, 0x00000000c3500000|  0%| F|  |TAMS 0x00000000c3400000, 0x00000000c3400000| Untracked 
|  25|0x00000000c3500000, 0x00000000c3500000, 0x00000000c3600000|  0%| F|  |TAMS 0x00000000c3500000, 0x00000000c3500000| Untracked 
|  26|0x00000000c3600000, 0x00000000c3600000, 0x00000000c3700000|  0%| F|  |TAMS 0x00000000c3600000, 0x00000000c3600000| Untracked 
|  27|0x00000000c3700000, 0x00000000c3700000, 0x00000000c3800000|  0%| F|  |TAMS 0x00000000c3700000, 0x00000000c3700000| Untracked 
|  28|0x00000000c3800000, 0x00000000c3800000, 0x00000000c3900000|  0%| F|  |TAMS 0x00000000c3800000, 0x00000000c3800000| Untracked 
|  29|0x00000000c3900000, 0x00000000c3900000, 0x00000000c3a00000|  0%| F|  |TAMS 0x00000000c3900000, 0x00000000c3900000| Untracked 
|  30|0x00000000c3a00000, 0x00000000c3a00000, 0x00000000c3b00000|  0%| F|  |TAMS 0x00000000c3a00000, 0x00000000c3a00000| Untracked 
|  31|0x00000000c3b00000, 0x00000000c3b00000, 0x00000000c3c00000|  0%| F|  |TAMS 0x00000000c3b00000, 0x00000000c3b00000| Untracked 
|  32|0x00000000c3c00000, 0x00000000c3c00000, 0x00000000c3d00000|  0%| F|  |TAMS 0x00000000c3c00000, 0x00000000c3c00000| Untracked 
|  33|0x00000000c3d00000, 0x00000000c3d00000, 0x00000000c3e00000|  0%| F|  |TAMS 0x00000000c3d00000, 0x00000000c3d00000| Untracked 
|  34|0x00000000c3e00000, 0x00000000c3e00000, 0x00000000c3f00000|  0%| F|  |TAMS 0x00000000c3e00000, 0x00000000c3e00000| Untracked 
|  35|0x00000000c3f00000, 0x00000000c3f00000, 0x00000000c4000000|  0%| F|  |TAMS 0x00000000c3f00000, 0x00000000c3f00000| Untracked 
|  36|0x00000000c4000000, 0x00000000c4000000, 0x00000000c4100000|  0%| F|  |TAMS 0x00000000c4000000, 0x00000000c4000000| Untracked 
|  37|0x00000000c4100000, 0x00000000c4200000, 0x00000000c4200000|100%| S|CS|TAMS 0x00000000c4100000, 0x00000000c4100000| Complete 
|  38|0x00000000c4200000, 0x00000000c4300000, 0x00000000c4300000|100%| S|CS|TAMS 0x00000000c4200000, 0x00000000c4200000| Complete 
|  39|0x00000000c4300000, 0x00000000c4400000, 0x00000000c4400000|100%| S|CS|TAMS 0x00000000c4300000, 0x00000000c4300000| Complete 
|  40|0x00000000c4400000, 0x00000000c4500000, 0x00000000c4500000|100%| S|CS|TAMS 0x00000000c4400000, 0x00000000c4400000| Complete 
|  41|0x00000000c4500000, 0x00000000c4600000, 0x00000000c4600000|100%| S|CS|TAMS 0x00000000c4500000, 0x00000000c4500000| Complete 
|  42|0x00000000c4600000, 0x00000000c4600000, 0x00000000c4700000|  0%| F|  |TAMS 0x00000000c4600000, 0x00000000c4600000| Untracked 
|  43|0x00000000c4700000, 0x00000000c4700000, 0x00000000c4800000|  0%| F|  |TAMS 0x00000000c4700000, 0x00000000c4700000| Untracked 
|  44|0x00000000c4800000, 0x00000000c4800000, 0x00000000c4900000|  0%| F|  |TAMS 0x00000000c4800000, 0x00000000c4800000| Untracked 
|  45|0x00000000c4900000, 0x00000000c4900000, 0x00000000c4a00000|  0%| F|  |TAMS 0x00000000c4900000, 0x00000000c4900000| Untracked 
|  46|0x00000000c4a00000, 0x00000000c4a00000, 0x00000000c4b00000|  0%| F|  |TAMS 0x00000000c4a00000, 0x00000000c4a00000| Untracked 
|  47|0x00000000c4b00000, 0x00000000c4b00000, 0x00000000c4c00000|  0%| F|  |TAMS 0x00000000c4b00000, 0x00000000c4b00000| Untracked 
|  48|0x00000000c4c00000, 0x00000000c4c00000, 0x00000000c4d00000|  0%| F|  |TAMS 0x00000000c4c00000, 0x00000000c4c00000| Untracked 
|  49|0x00000000c4d00000, 0x00000000c4d00000, 0x00000000c4e00000|  0%| F|  |TAMS 0x00000000c4d00000, 0x00000000c4d00000| Untracked 
|  50|0x00000000c4e00000, 0x00000000c4e00000, 0x00000000c4f00000|  0%| F|  |TAMS 0x00000000c4e00000, 0x00000000c4e00000| Untracked 
|  51|0x00000000c4f00000, 0x00000000c4f00000, 0x00000000c5000000|  0%| F|  |TAMS 0x00000000c4f00000, 0x00000000c4f00000| Untracked 
|  52|0x00000000c5000000, 0x00000000c5000000, 0x00000000c5100000|  0%| F|  |TAMS 0x00000000c5000000, 0x00000000c5000000| Untracked 
|  53|0x00000000c5100000, 0x00000000c5100000, 0x00000000c5200000|  0%| F|  |TAMS 0x00000000c5100000, 0x00000000c5100000| Untracked 
|  54|0x00000000c5200000, 0x00000000c5200000, 0x00000000c5300000|  0%| F|  |TAMS 0x00000000c5200000, 0x00000000c5200000| Untracked 
|  55|0x00000000c5300000, 0x00000000c5300000, 0x00000000c5400000|  0%| F|  |TAMS 0x00000000c5300000, 0x00000000c5300000| Untracked 
|  56|0x00000000c5400000, 0x00000000c5400000, 0x00000000c5500000|  0%| F|  |TAMS 0x00000000c5400000, 0x00000000c5400000| Untracked 
|  57|0x00000000c5500000, 0x00000000c5500000, 0x00000000c5600000|  0%| F|  |TAMS 0x00000000c5500000, 0x00000000c5500000| Untracked 
|  58|0x00000000c5600000, 0x00000000c5600000, 0x00000000c5700000|  0%| F|  |TAMS 0x00000000c5600000, 0x00000000c5600000| Untracked 
|  59|0x00000000c5700000, 0x00000000c5700000, 0x00000000c5800000|  0%| F|  |TAMS 0x00000000c5700000, 0x00000000c5700000| Untracked 
|  60|0x00000000c5800000, 0x00000000c5800000, 0x00000000c5900000|  0%| F|  |TAMS 0x00000000c5800000, 0x00000000c5800000| Untracked 
|  61|0x00000000c5900000, 0x00000000c5900000, 0x00000000c5a00000|  0%| F|  |TAMS 0x00000000c5900000, 0x00000000c5900000| Untracked 
|  62|0x00000000c5a00000, 0x00000000c5a00000, 0x00000000c5b00000|  0%| F|  |TAMS 0x00000000c5a00000, 0x00000000c5a00000| Untracked 
|  63|0x00000000c5b00000, 0x00000000c5b00000, 0x00000000c5c00000|  0%| F|  |TAMS 0x00000000c5b00000, 0x00000000c5b00000| Untracked 
|  64|0x00000000c5c00000, 0x00000000c5c00000, 0x00000000c5d00000|  0%| F|  |TAMS 0x00000000c5c00000, 0x00000000c5c00000| Untracked 
|  65|0x00000000c5d00000, 0x00000000c5d00000, 0x00000000c5e00000|  0%| F|  |TAMS 0x00000000c5d00000, 0x00000000c5d00000| Untracked 
|  66|0x00000000c5e00000, 0x00000000c5f00000, 0x00000000c5f00000|100%| E|  |TAMS 0x00000000c5e00000, 0x00000000c5e00000| Complete 
|  67|0x00000000c5f00000, 0x00000000c6000000, 0x00000000c6000000|100%| E|CS|TAMS 0x00000000c5f00000, 0x00000000c5f00000| Complete 
|  68|0x00000000c6000000, 0x00000000c6100000, 0x00000000c6100000|100%| E|CS|TAMS 0x00000000c6000000, 0x00000000c6000000| Complete 
|  69|0x00000000c6100000, 0x00000000c6200000, 0x00000000c6200000|100%| E|CS|TAMS 0x00000000c6100000, 0x00000000c6100000| Complete 
|  70|0x00000000c6200000, 0x00000000c6300000, 0x00000000c6300000|100%| E|CS|TAMS 0x00000000c6200000, 0x00000000c6200000| Complete 
|  71|0x00000000c6300000, 0x00000000c6400000, 0x00000000c6400000|100%| E|CS|TAMS 0x00000000c6300000, 0x00000000c6300000| Complete 
|  72|0x00000000c6400000, 0x00000000c6500000, 0x00000000c6500000|100%| E|CS|TAMS 0x00000000c6400000, 0x00000000c6400000| Complete 
|  73|0x00000000c6500000, 0x00000000c6600000, 0x00000000c6600000|100%| E|CS|TAMS 0x00000000c6500000, 0x00000000c6500000| Complete 
|  74|0x00000000c6600000, 0x00000000c6700000, 0x00000000c6700000|100%| E|CS|TAMS 0x00000000c6600000, 0x00000000c6600000| Complete 
|  75|0x00000000c6700000, 0x00000000c6800000, 0x00000000c6800000|100%| E|CS|TAMS 0x00000000c6700000, 0x00000000c6700000| Complete 
|  76|0x00000000c6800000, 0x00000000c6900000, 0x00000000c6900000|100%| E|CS|TAMS 0x00000000c6800000, 0x00000000c6800000| Complete 
|  77|0x00000000c6900000, 0x00000000c6a00000, 0x00000000c6a00000|100%| E|CS|TAMS 0x00000000c6900000, 0x00000000c6900000| Complete 
|  78|0x00000000c6a00000, 0x00000000c6b00000, 0x00000000c6b00000|100%| E|CS|TAMS 0x00000000c6a00000, 0x00000000c6a00000| Complete 
|  79|0x00000000c6b00000, 0x00000000c6c00000, 0x00000000c6c00000|100%| E|CS|TAMS 0x00000000c6b00000, 0x00000000c6b00000| Complete 
|  80|0x00000000c6c00000, 0x00000000c6d00000, 0x00000000c6d00000|100%| E|CS|TAMS 0x00000000c6c00000, 0x00000000c6c00000| Complete 

Card table byte_map: [0x0000024bbdae0000,0x0000024bbdce0000] _byte_map_base: 0x0000024bbd4d2000

Marking Bits (Prev, Next): (CMBitMap*) 0x0000024bab456cb0, (CMBitMap*) 0x0000024bab456c70
 Prev Bits: [0x0000024bbee70000, 0x0000024bbfe00000)
 Next Bits: [0x0000024bbdee0000, 0x0000024bbee70000)

Polling page: 0x0000024ba95a0000

Metaspace:

Usage:
  Non-class:     38.62 MB used.
      Class:      5.24 MB used.
       Both:     43.86 MB used.

Virtual space:
  Non-class space:       40.00 MB reserved,      38.75 MB ( 97%) committed,  5 nodes.
      Class space:        1.00 GB reserved,       5.38 MB ( <1%) committed,  1 nodes.
             Both:        1.04 GB reserved,      44.12 MB (  4%) committed. 

Chunk freelists:
   Non-Class:  333.00 KB
       Class:  2.61 MB
        Both:  2.93 MB

MaxMetaspaceSize: unlimited
CompressedClassSpaceSize: 1.00 GB
Initial GC threshold: 21.00 MB
Current GC threshold: 59.94 MB
CDS: off
MetaspaceReclaimPolicy: balanced
 - commit_granule_bytes: 65536.
 - commit_granule_words: 8192.
 - virtual_space_node_default_size: 1048576.
 - enlarge_chunks_in_place: 1.
 - new_chunks_are_fully_committed: 0.
 - uncommit_free_chunks: 1.
 - use_allocation_guard: 0.
 - handle_deallocations: 1.


Internal statistics:

num_allocs_failed_limit: 3.
num_arena_births: 196.
num_arena_deaths: 0.
num_vsnodes_births: 6.
num_vsnodes_deaths: 0.
num_space_committed: 704.
num_space_uncommitted: 0.
num_chunks_returned_to_freelist: 3.
num_chunks_taken_from_freelist: 1500.
num_chunk_merges: 0.
num_chunk_splits: 1213.
num_chunks_enlarged: 1065.
num_purges: 0.
num_inconsistent_stats: 0.

CodeHeap 'non-profiled nmethods': size=120000Kb used=1894Kb max_used=1894Kb free=118105Kb
 bounds [0x0000024bb63b0000, 0x0000024bb6620000, 0x0000024bbd8e0000]
CodeHeap 'profiled nmethods': size=120000Kb used=8252Kb max_used=8252Kb free=111747Kb
 bounds [0x0000024bae8e0000, 0x0000024baf0f0000, 0x0000024bb5e10000]
CodeHeap 'non-nmethods': size=5760Kb used=1258Kb max_used=1341Kb free=4501Kb
 bounds [0x0000024bb5e10000, 0x0000024bb6080000, 0x0000024bb63b0000]
 total_blobs=4469 nmethods=3900 adapters=481
 compilation: enabled
              stopped_count=0, restarted_count=0
 full_count=0

Compilation events (20 events):
Event: 23.317 Thread 0x0000024bc2d48790 3914       2       java.util.HashSet::isEmpty (8 bytes)
Event: 23.317 Thread 0x0000024bc2d48790 nmethod 3914 0x0000024baf0e1510 code [0x0000024baf0e16a0, 0x0000024baf0e17d8]
Event: 23.319 Thread 0x0000024bc2d48790 3915       2       org.jetbrains.kotlin.parsing.AbstractKotlinParsing$AtSet::<init> (8 bytes)
Event: 23.319 Thread 0x0000024bc2d48790 nmethod 3915 0x0000024baf0e1890 code [0x0000024baf0e1a20, 0x0000024baf0e1c38]
Event: 23.319 Thread 0x0000024bc2d48790 3916       2       org.jetbrains.kotlin.parsing.AbstractKotlinParsing$AtSet::<init> (20 bytes)
Event: 23.319 Thread 0x0000024bc2d48790 nmethod 3916 0x0000024baf0e1d10 code [0x0000024baf0e1ea0, 0x0000024baf0e20b8]
Event: 23.319 Thread 0x0000024bc2d48790 3917       2       org.jetbrains.kotlin.parsing.AbstractTokenStreamPattern::<init> (10 bytes)
Event: 23.319 Thread 0x0000024bc2d48790 nmethod 3917 0x0000024baf0e2190 code [0x0000024baf0e2320, 0x0000024baf0e2438]
Event: 23.319 Thread 0x0000024bc2d48790 3918       2       org.jetbrains.kotlin.parsing.AbstractKotlinParsing::<init> (10 bytes)
Event: 23.320 Thread 0x0000024bc2d48790 nmethod 3918 0x0000024baf0e2510 code [0x0000024baf0e26a0, 0x0000024baf0e27f8]
Event: 23.326 Thread 0x0000024bc2d48790 3919       1       org.jetbrains.kotlin.com.intellij.psi.impl.source.tree.LazyParseableElement::lambda$static$0 (2 bytes)
Event: 23.326 Thread 0x0000024bc2d48790 nmethod 3919 0x0000024bb6581890 code [0x0000024bb6581a20, 0x0000024bb6581ad8]
Event: 23.342 Thread 0x0000024bc2d48790 3920       2       kotlin.sequences.SequencesKt___SequencesKt::filterNot (26 bytes)
Event: 23.343 Thread 0x0000024bc2d48790 nmethod 3920 0x0000024baf0e2890 code [0x0000024baf0e2b40, 0x0000024baf0e3398]
Event: 23.345 Thread 0x0000024bc2d48790 3921       1       java.lang.ThreadLocal::initialValue (2 bytes)
Event: 23.345 Thread 0x0000024bc2d48790 nmethod 3921 0x0000024bb6581b90 code [0x0000024bb6581d20, 0x0000024bb6581df8]
Event: 23.347 Thread 0x0000024bc2d48790 3922       2       com.google.devtools.ksp.symbol.impl.kotlin.KSClassDeclarationImpl::getPrimaryConstructor (15 bytes)
Event: 23.348 Thread 0x0000024bc2d48790 nmethod 3922 0x0000024baf0e3890 code [0x0000024baf0e3a40, 0x0000024baf0e3bc8]
Event: 23.378 Thread 0x0000024bc2d48790 3923       2       org.jetbrains.kotlin.com.intellij.psi.impl.source.tree.LazyParseableElement::setFirstChildNode (21 bytes)
Event: 23.379 Thread 0x0000024bc2d48790 nmethod 3923 0x0000024baf0e3c90 code [0x0000024baf0e3e40, 0x0000024baf0e4088]

GC Heap History (20 events):
Event: 10.182 GC heap before
{Heap before GC invocations=4 (full 0):
 garbage-first heap   total 37888K, used 29805K [0x00000000c1c00000, 0x0000000100000000)
  region size 1024K, 25 young (25600K), 5 survivors (5120K)
 Metaspace       used 27976K, committed 28160K, reserved 1081344K
  class space    used 3309K, committed 3392K, reserved 1048576K
}
Event: 10.204 GC heap after
{Heap after GC invocations=5 (full 0):
 garbage-first heap   total 37888K, used 11500K [0x00000000c1c00000, 0x0000000100000000)
  region size 1024K, 4 young (4096K), 4 survivors (4096K)
 Metaspace       used 27976K, committed 28160K, reserved 1081344K
  class space    used 3309K, committed 3392K, reserved 1048576K
}
Event: 12.813 GC heap before
{Heap before GC invocations=5 (full 0):
 garbage-first heap   total 37888K, used 27884K [0x00000000c1c00000, 0x0000000100000000)
  region size 1024K, 20 young (20480K), 4 survivors (4096K)
 Metaspace       used 29559K, committed 29760K, reserved 1081344K
  class space    used 3591K, committed 3648K, reserved 1048576K
}
Event: 12.843 GC heap after
{Heap after GC invocations=6 (full 0):
 garbage-first heap   total 37888K, used 17096K [0x00000000c1c00000, 0x0000000100000000)
  region size 1024K, 3 young (3072K), 3 survivors (3072K)
 Metaspace       used 29559K, committed 29760K, reserved 1081344K
  class space    used 3591K, committed 3648K, reserved 1048576K
}
Event: 15.853 GC heap before
{Heap before GC invocations=6 (full 0):
 garbage-first heap   total 37888K, used 26312K [0x00000000c1c00000, 0x0000000100000000)
  region size 1024K, 13 young (13312K), 3 survivors (3072K)
 Metaspace       used 30216K, committed 30464K, reserved 1081344K
  class space    used 3657K, committed 3776K, reserved 1048576K
}
Event: 15.942 GC heap after
{Heap after GC invocations=7 (full 0):
 garbage-first heap   total 37888K, used 20099K [0x00000000c1c00000, 0x0000000100000000)
  region size 1024K, 2 young (2048K), 2 survivors (2048K)
 Metaspace       used 30216K, committed 30464K, reserved 1081344K
  class space    used 3657K, committed 3776K, reserved 1048576K
}
Event: 17.417 GC heap before
{Heap before GC invocations=7 (full 0):
 garbage-first heap   total 37888K, used 27267K [0x00000000c1c00000, 0x0000000100000000)
  region size 1024K, 10 young (10240K), 2 survivors (2048K)
 Metaspace       used 32971K, committed 33216K, reserved 1081344K
  class space    used 4177K, committed 4288K, reserved 1048576K
}
Event: 17.429 GC heap after
{Heap after GC invocations=8 (full 0):
 garbage-first heap   total 37888K, used 21100K [0x00000000c1c00000, 0x0000000100000000)
  region size 1024K, 1 young (1024K), 1 survivors (1024K)
 Metaspace       used 32971K, committed 33216K, reserved 1081344K
  class space    used 4177K, committed 4288K, reserved 1048576K
}
Event: 18.570 GC heap before
{Heap before GC invocations=9 (full 0):
 garbage-first heap   total 37888K, used 28268K [0x00000000c1c00000, 0x0000000100000000)
  region size 1024K, 9 young (9216K), 1 survivors (1024K)
 Metaspace       used 34583K, committed 34816K, reserved 1081344K
  class space    used 4362K, committed 4480K, reserved 1048576K
}
Event: 18.577 GC heap after
{Heap after GC invocations=10 (full 0):
 garbage-first heap   total 37888K, used 20085K [0x00000000c1c00000, 0x0000000100000000)
  region size 1024K, 2 young (2048K), 2 survivors (2048K)
 Metaspace       used 34583K, committed 34816K, reserved 1081344K
  class space    used 4362K, committed 4480K, reserved 1048576K
}
Event: 18.691 GC heap before
{Heap before GC invocations=10 (full 0):
 garbage-first heap   total 37888K, used 21109K [0x00000000c1c00000, 0x0000000100000000)
  region size 1024K, 3 young (3072K), 2 survivors (2048K)
 Metaspace       used 34673K, committed 34880K, reserved 1081344K
  class space    used 4370K, committed 4480K, reserved 1048576K
}
Event: 18.836 GC heap after
{Heap after GC invocations=11 (full 0):
 garbage-first heap   total 37888K, used 19767K [0x00000000c1c00000, 0x0000000100000000)
  region size 1024K, 1 young (1024K), 1 survivors (1024K)
 Metaspace       used 34673K, committed 34880K, reserved 1081344K
  class space    used 4370K, committed 4480K, reserved 1048576K
}
Event: 19.750 GC heap before
{Heap before GC invocations=11 (full 0):
 garbage-first heap   total 37888K, used 26935K [0x00000000c1c00000, 0x0000000100000000)
  region size 1024K, 9 young (9216K), 1 survivors (1024K)
 Metaspace       used 36298K, committed 36544K, reserved 1081344K
  class space    used 4559K, committed 4672K, reserved 1048576K
}
Event: 19.757 GC heap after
{Heap after GC invocations=12 (full 0):
 garbage-first heap   total 37888K, used 20672K [0x00000000c1c00000, 0x0000000100000000)
  region size 1024K, 2 young (2048K), 2 survivors (2048K)
 Metaspace       used 36298K, committed 36544K, reserved 1081344K
  class space    used 4559K, committed 4672K, reserved 1048576K
}
Event: 20.165 GC heap before
{Heap before GC invocations=13 (full 0):
 garbage-first heap   total 37888K, used 28864K [0x00000000c1c00000, 0x0000000100000000)
  region size 1024K, 10 young (10240K), 2 survivors (2048K)
 Metaspace       used 37936K, committed 38144K, reserved 1089536K
  class space    used 4721K, committed 4800K, reserved 1048576K
}
Event: 20.169 GC heap after
{Heap after GC invocations=14 (full 0):
 garbage-first heap   total 37888K, used 21673K [0x00000000c1c00000, 0x0000000100000000)
  region size 1024K, 2 young (2048K), 2 survivors (2048K)
 Metaspace       used 37936K, committed 38144K, reserved 1089536K
  class space    used 4721K, committed 4800K, reserved 1048576K
}
Event: 20.192 GC heap before
{Heap before GC invocations=14 (full 0):
 garbage-first heap   total 37888K, used 22697K [0x00000000c1c00000, 0x0000000100000000)
  region size 1024K, 3 young (3072K), 2 survivors (2048K)
 Metaspace       used 38178K, committed 38400K, reserved 1089536K
  class space    used 4744K, committed 4864K, reserved 1048576K
}
Event: 20.199 GC heap after
{Heap after GC invocations=15 (full 0):
 garbage-first heap   total 82944K, used 21075K [0x00000000c1c00000, 0x0000000100000000)
  region size 1024K, 1 young (1024K), 1 survivors (1024K)
 Metaspace       used 38178K, committed 38400K, reserved 1089536K
  class space    used 4744K, committed 4864K, reserved 1048576K
}
Event: 22.889 GC heap before
{Heap before GC invocations=15 (full 0):
 garbage-first heap   total 82944K, used 61011K [0x00000000c1c00000, 0x0000000100000000)
  region size 1024K, 40 young (40960K), 1 survivors (1024K)
 Metaspace       used 44768K, committed 45056K, reserved 1089536K
  class space    used 5359K, committed 5504K, reserved 1048576K
}
Event: 22.907 GC heap after
{Heap after GC invocations=16 (full 0):
 garbage-first heap   total 82944K, used 27810K [0x00000000c1c00000, 0x0000000100000000)
  region size 1024K, 5 young (5120K), 5 survivors (5120K)
 Metaspace       used 44768K, committed 45056K, reserved 1089536K
  class space    used 5359K, committed 5504K, reserved 1048576K
}

Dll operation events (2 events):
Event: 0.075 Loaded shared library E:\Android\jbr\bin\java.dll
Event: 8.936 Loaded shared library E:\Android\jbr\bin\verify.dll

Deoptimization events (20 events):
Event: 23.044 Thread 0x0000024bab4180e0 Uncommon trap: trap_request=0xffffff45 fr.pc=0x0000024bb6572c9c relative=0x00000000000002dc
Event: 23.044 Thread 0x0000024bab4180e0 Uncommon trap: reason=unstable_if action=reinterpret pc=0x0000024bb6572c9c method=org.jetbrains.kotlin.com.intellij.psi.impl.source.CharTableImpl$StringHashToCharSequencesMap.charSequenceSubSequenceEquals(Ljava/lang/CharSequence;Ljava/lang/CharSequence;II
Event: 23.044 Thread 0x0000024bab4180e0 DEOPT PACKING pc=0x0000024bb6572c9c sp=0x000000c6832fd0b0
Event: 23.044 Thread 0x0000024bab4180e0 DEOPT UNPACKING pc=0x0000024bb5e669a3 sp=0x000000c6832fd088 mode 2
Event: 23.044 Thread 0x0000024bab4180e0 Uncommon trap: trap_request=0xffffffde fr.pc=0x0000024bb657657c relative=0x0000000000002cbc
Event: 23.044 Thread 0x0000024bab4180e0 Uncommon trap: reason=class_check action=maybe_recompile pc=0x0000024bb657657c method=org.jetbrains.kotlin.com.intellij.psi.impl.source.CharTableImpl$StringHashToCharSequencesMap.getSubSequenceWithHashCode(ILjava/lang/CharSequence;II)Ljava/lang/CharSequen
Event: 23.044 Thread 0x0000024bab4180e0 DEOPT PACKING pc=0x0000024bb657657c sp=0x000000c6832fd300
Event: 23.044 Thread 0x0000024bab4180e0 DEOPT UNPACKING pc=0x0000024bb5e669a3 sp=0x000000c6832fd120 mode 2
Event: 23.044 Thread 0x0000024bab4180e0 Uncommon trap: trap_request=0xffffffde fr.pc=0x0000024bb657657c relative=0x0000000000002cbc
Event: 23.044 Thread 0x0000024bab4180e0 Uncommon trap: reason=class_check action=maybe_recompile pc=0x0000024bb657657c method=org.jetbrains.kotlin.com.intellij.psi.impl.source.CharTableImpl$StringHashToCharSequencesMap.getSubSequenceWithHashCode(ILjava/lang/CharSequence;II)Ljava/lang/CharSequen
Event: 23.044 Thread 0x0000024bab4180e0 DEOPT PACKING pc=0x0000024bb657657c sp=0x000000c6832fd300
Event: 23.044 Thread 0x0000024bab4180e0 DEOPT UNPACKING pc=0x0000024bb5e669a3 sp=0x000000c6832fd120 mode 2
Event: 23.219 Thread 0x0000024bab4180e0 Uncommon trap: trap_request=0xffffffde fr.pc=0x0000024bb657657c relative=0x0000000000002cbc
Event: 23.219 Thread 0x0000024bab4180e0 Uncommon trap: reason=class_check action=maybe_recompile pc=0x0000024bb657657c method=org.jetbrains.kotlin.com.intellij.psi.impl.source.CharTableImpl$StringHashToCharSequencesMap.getSubSequenceWithHashCode(ILjava/lang/CharSequence;II)Ljava/lang/CharSequen
Event: 23.219 Thread 0x0000024bab4180e0 DEOPT PACKING pc=0x0000024bb657657c sp=0x000000c6832fd300
Event: 23.219 Thread 0x0000024bab4180e0 DEOPT UNPACKING pc=0x0000024bb5e669a3 sp=0x000000c6832fd120 mode 2
Event: 23.220 Thread 0x0000024bab4180e0 Uncommon trap: trap_request=0xffffffde fr.pc=0x0000024bb657c0f4 relative=0x0000000000002b54
Event: 23.220 Thread 0x0000024bab4180e0 Uncommon trap: reason=class_check action=maybe_recompile pc=0x0000024bb657c0f4 method=org.jetbrains.kotlin.com.intellij.psi.impl.source.CharTableImpl$StringHashToCharSequencesMap.getSubSequenceWithHashCode(ILjava/lang/CharSequence;II)Ljava/lang/CharSequen
Event: 23.220 Thread 0x0000024bab4180e0 DEOPT PACKING pc=0x0000024bb657c0f4 sp=0x000000c6832fd250
Event: 23.220 Thread 0x0000024bab4180e0 DEOPT UNPACKING pc=0x0000024bb5e669a3 sp=0x000000c6832fd110 mode 2

Classes unloaded (0 events):
No events

Classes redefined (0 events):
No events

Internal exceptions (20 events):
Event: 7.449 Thread 0x0000024bab4180e0 Exception <a 'java/lang/NoSuchMethodError'{0x00000000c3897210}: 'int java.lang.invoke.DelegatingMethodHandle$Holder.reinvoke_L(java.lang.Object, java.lang.Object, java.lang.Object, long, java.lang.Object, java.lang.Object)'> (0x00000000c3897210) 
thrown [s\src\hotspot\share\interpreter\linkResolver.cpp, line 771]
Event: 7.451 Thread 0x0000024bab4180e0 Exception <a 'java/lang/NoSuchMethodError'{0x00000000c38a5e40}: 'int java.lang.invoke.DelegatingMethodHandle$Holder.reinvoke_L(java.lang.Object, java.lang.Object, java.lang.Object, long, int, int)'> (0x00000000c38a5e40) 
thrown [s\src\hotspot\share\interpreter\linkResolver.cpp, line 771]
Event: 7.461 Thread 0x0000024bab4180e0 Exception <a 'java/lang/NoSuchMethodError'{0x00000000c38b4778}: 'int java.lang.invoke.DelegatingMethodHandle$Holder.reinvoke_L(java.lang.Object, java.lang.Object, java.lang.Object, long, long, long)'> (0x00000000c38b4778) 
thrown [s\src\hotspot\share\interpreter\linkResolver.cpp, line 771]
Event: 7.477 Thread 0x0000024bab4180e0 Exception <a 'java/lang/NoSuchMethodError'{0x00000000c38c2d90}: 'int java.lang.invoke.DelegatingMethodHandle$Holder.reinvoke_L(java.lang.Object, java.lang.Object, java.lang.Object, long, int)'> (0x00000000c38c2d90) 
thrown [s\src\hotspot\share\interpreter\linkResolver.cpp, line 771]
Event: 7.521 Thread 0x0000024bab4180e0 Exception <a 'java/lang/NoSuchMethodError'{0x00000000c376a500}: 'int java.lang.invoke.DirectMethodHandle$Holder.invokeStaticInit(java.lang.Object, java.lang.Object, java.lang.Object)'> (0x00000000c376a500) 
thrown [s\src\hotspot\share\interpreter\linkResolver.cpp, line 771]
Event: 7.530 Thread 0x0000024bab4180e0 Exception <a 'java/lang/NoSuchMethodError'{0x00000000c3792dc0}: 'int java.lang.invoke.DirectMethodHandle$Holder.invokeStaticInit(java.lang.Object, java.lang.Object)'> (0x00000000c3792dc0) 
thrown [s\src\hotspot\share\interpreter\linkResolver.cpp, line 771]
Event: 7.620 Thread 0x0000024bab4180e0 Exception <a 'java/lang/NoSuchMethodError'{0x00000000c3671f38}: 'void java.lang.invoke.DirectMethodHandle$Holder.invokeSpecial(java.lang.Object, java.lang.Object, java.lang.Object)'> (0x00000000c3671f38) 
thrown [s\src\hotspot\share\interpreter\linkResolver.cpp, line 771]
Event: 7.831 Thread 0x0000024bab4180e0 Exception <a 'java/lang/NoSuchMethodError'{0x00000000c3397560}: 'void java.lang.invoke.DirectMethodHandle$Holder.invokeStatic(java.lang.Object, java.lang.Object, java.lang.Object, java.lang.Object)'> (0x00000000c3397560) 
thrown [s\src\hotspot\share\interpreter\linkResolver.cpp, line 771]
Event: 8.660 Thread 0x0000024bab4180e0 Exception <a 'java/lang/NoSuchMethodError'{0x00000000c2f54828}: 'void java.lang.invoke.DirectMethodHandle$Holder.invokeStaticInit(java.lang.Object, java.lang.Object)'> (0x00000000c2f54828) 
thrown [s\src\hotspot\share\interpreter\linkResolver.cpp, line 771]
Event: 9.442 Thread 0x0000024bab4180e0 Exception <a 'java/lang/NoSuchMethodError'{0x00000000c2a3bf40}: 'void java.lang.invoke.DirectMethodHandle$Holder.invokeVirtual(java.lang.Object, java.lang.Object)'> (0x00000000c2a3bf40) 
thrown [s\src\hotspot\share\interpreter\linkResolver.cpp, line 771]
Event: 9.464 Thread 0x0000024bab4180e0 Exception <a 'java/lang/NoSuchMethodError'{0x00000000c2a8a1c0}: 'int java.lang.invoke.DirectMethodHandle$Holder.invokeVirtual(java.lang.Object, java.lang.Object)'> (0x00000000c2a8a1c0) 
thrown [s\src\hotspot\share\interpreter\linkResolver.cpp, line 771]
Event: 9.643 Thread 0x0000024bab4180e0 Exception <a 'java/lang/NoSuchMethodError'{0x00000000c2921e88}: 'java.lang.Object java.lang.invoke.Invokers$Holder.invokeExact_MT(java.lang.Object, java.lang.Object, java.lang.Object, java.lang.Object, java.lang.Object, java.lang.Object)'> (0x00000000c2921e88) 
thrown [s\src\hotspot\share\interpreter\linkResolver.cpp, line 771]
Event: 17.060 Thread 0x0000024bab4180e0 Implicit null exception at 0x0000024bb63cacf2 to 0x0000024bb63cb30c
Event: 17.857 Thread 0x0000024bab4180e0 Implicit null exception at 0x0000024bb63cb972 to 0x0000024bb63cbf8c
Event: 18.141 Thread 0x0000024bab4180e0 Exception <a 'java/lang/NoSuchMethodError'{0x00000000c3a5d2d0}: 'java.lang.Object java.lang.invoke.DirectMethodHandle$Holder.invokeVirtual(java.lang.Object, java.lang.Object, java.lang.Object)'> (0x00000000c3a5d2d0) 
thrown [s\src\hotspot\share\interpreter\linkResolver.cpp, line 771]
Event: 21.852 Thread 0x0000024bab4180e0 Exception <a 'java/lang/NoSuchMethodError'{0x00000000c546d068}: 'java.lang.Object java.lang.invoke.DirectMethodHandle$Holder.newInvokeSpecial(java.lang.Object, java.lang.Object, int)'> (0x00000000c546d068) 
thrown [s\src\hotspot\share\interpreter\linkResolver.cpp, line 771]
Event: 22.284 Thread 0x0000024bab4180e0 Implicit null exception at 0x0000024bb65303a1 to 0x0000024bb653216c
Event: 22.725 Thread 0x0000024bab4180e0 Implicit null exception at 0x0000024bb65568f5 to 0x0000024bb6556b50
Event: 22.769 Thread 0x0000024bab4180e0 Implicit null exception at 0x0000024bb6557b14 to 0x0000024bb6558e64
Event: 22.825 Thread 0x0000024bab4180e0 Implicit null exception at 0x0000024bb651734c to 0x0000024bb6517440

VM Operations (20 events):
Event: 20.192 Executing VM operation: G1CollectForAllocation
Event: 20.199 Executing VM operation: G1CollectForAllocation done
Event: 20.276 Executing VM operation: HandshakeAllThreads
Event: 20.277 Executing VM operation: HandshakeAllThreads done
Event: 20.999 Executing VM operation: HandshakeAllThreads
Event: 20.999 Executing VM operation: HandshakeAllThreads done
Event: 21.972 Executing VM operation: ICBufferFull
Event: 22.009 Executing VM operation: ICBufferFull done
Event: 22.295 Executing VM operation: HandshakeAllThreads
Event: 22.295 Executing VM operation: HandshakeAllThreads done
Event: 22.295 Executing VM operation: HandshakeAllThreads
Event: 22.295 Executing VM operation: HandshakeAllThreads done
Event: 22.301 Executing VM operation: ICBufferFull
Event: 22.301 Executing VM operation: ICBufferFull done
Event: 22.480 Executing VM operation: HandshakeAllThreads
Event: 22.480 Executing VM operation: HandshakeAllThreads done
Event: 22.790 Executing VM operation: ICBufferFull
Event: 22.790 Executing VM operation: ICBufferFull done
Event: 22.889 Executing VM operation: G1CollectForAllocation
Event: 22.907 Executing VM operation: G1CollectForAllocation done

Events (20 events):
Event: 21.082 loading class sun/util/calendar/CalendarSystem$GregorianHolder done
Event: 21.082 loading class sun/util/calendar/Gregorian
Event: 21.084 loading class sun/util/calendar/BaseCalendar
Event: 21.094 loading class sun/util/calendar/AbstractCalendar
Event: 21.094 loading class sun/util/calendar/AbstractCalendar done
Event: 21.094 loading class sun/util/calendar/BaseCalendar done
Event: 21.094 loading class sun/util/calendar/Gregorian done
Event: 21.270 loading class java/util/BitSet
Event: 21.274 loading class java/util/BitSet done
Event: 21.279 loading class java/util/PrimitiveIterator$OfInt
Event: 21.284 loading class java/util/PrimitiveIterator
Event: 21.285 loading class java/util/PrimitiveIterator done
Event: 21.285 loading class java/util/PrimitiveIterator$OfInt done
Event: 21.339 loading class java/util/AbstractMap$SimpleImmutableEntry
Event: 21.344 loading class java/util/AbstractMap$SimpleImmutableEntry done
Event: 21.659 loading class java/util/regex/Pattern$StartS
Event: 21.669 loading class java/util/regex/Pattern$StartS done
Event: 21.829 loading class java/util/function/IntUnaryOperator
Event: 21.850 loading class java/util/function/IntUnaryOperator done
Event: 21.912 Thread 0x0000024bc36476c0 Thread added: 0x0000024bc36476c0


Dynamic libraries:
0x00007ff7e94d0000 - 0x00007ff7e94da000 	E:\Android\jbr\bin\java.exe
0x00007ffda42f0000 - 0x00007ffda4507000 	C:\WINDOWS\SYSTEM32\ntdll.dll
0x00007ffda31b0000 - 0x00007ffda3274000 	C:\WINDOWS\System32\KERNEL32.DLL
0x00007ffda1900000 - 0x00007ffda1ca6000 	C:\WINDOWS\System32\KERNELBASE.dll
0x00007ffda1e80000 - 0x00007ffda1f91000 	C:\WINDOWS\System32\ucrtbase.dll
0x00007ffd8ece0000 - 0x00007ffd8ecfb000 	E:\Android\jbr\bin\VCRUNTIME140.dll
0x00007ffd752e0000 - 0x00007ffd752f7000 	E:\Android\jbr\bin\jli.dll
0x00007ffda2060000 - 0x00007ffda220d000 	C:\WINDOWS\System32\USER32.dll
0x00007ffda1fa0000 - 0x00007ffda1fc6000 	C:\WINDOWS\System32\win32u.dll
0x00007ffda3700000 - 0x00007ffda3729000 	C:\WINDOWS\System32\GDI32.dll
0x00007ffda1670000 - 0x00007ffda1788000 	C:\WINDOWS\System32\gdi32full.dll
0x00007ffda1d70000 - 0x00007ffda1e0a000 	C:\WINDOWS\System32\msvcp_win.dll
0x00007ffd87360000 - 0x00007ffd875f3000 	C:\WINDOWS\WinSxS\amd64_microsoft.windows.common-controls_6595b64144ccf1df_6.0.22621.2361_none_2712ced57382f843\COMCTL32.dll
0x00007ffda2840000 - 0x00007ffda28e7000 	C:\WINDOWS\System32\msvcrt.dll
0x00007ffda3f60000 - 0x00007ffda3f91000 	C:\WINDOWS\System32\IMM32.DLL
0x00007ffd9c670000 - 0x00007ffd9c67c000 	E:\Android\jbr\bin\vcruntime140_1.dll
0x00007ffd5d980000 - 0x00007ffd5da0d000 	E:\Android\jbr\bin\msvcp140.dll
0x00007ffd586d0000 - 0x00007ffd5933e000 	E:\Android\jbr\bin\server\jvm.dll
0x00007ffda2790000 - 0x00007ffda2840000 	C:\WINDOWS\System32\ADVAPI32.dll
0x00007ffda2610000 - 0x00007ffda26b6000 	C:\WINDOWS\System32\sechost.dll
0x00007ffda3830000 - 0x00007ffda3947000 	C:\WINDOWS\System32\RPCRT4.dll
0x00007ffd91db0000 - 0x00007ffd91db9000 	C:\WINDOWS\SYSTEM32\WSOCK32.dll
0x00007ffda2710000 - 0x00007ffda2781000 	C:\WINDOWS\System32\WS2_32.dll
0x00007ffd943b0000 - 0x00007ffd943ba000 	C:\WINDOWS\SYSTEM32\VERSION.dll
0x00007ffd98e00000 - 0x00007ffd98e34000 	C:\WINDOWS\SYSTEM32\WINMM.dll
0x00007ffda0740000 - 0x00007ffda0758000 	C:\WINDOWS\SYSTEM32\kernel.appcore.dll
0x00007ffd99b30000 - 0x00007ffd99b3a000 	E:\Android\jbr\bin\jimage.dll
0x00007ffd9ee10000 - 0x00007ffd9f03e000 	C:\WINDOWS\SYSTEM32\DBGHELP.DLL
0x00007ffda3bd0000 - 0x00007ffda3f5a000 	C:\WINDOWS\System32\combase.dll
0x00007ffda39e0000 - 0x00007ffda3ab7000 	C:\WINDOWS\System32\OLEAUT32.dll
0x00007ffd7e550000 - 0x00007ffd7e582000 	C:\WINDOWS\SYSTEM32\dbgcore.DLL
0x00007ffda1fd0000 - 0x00007ffda204a000 	C:\WINDOWS\System32\bcryptPrimitives.dll
0x00007ffd83a80000 - 0x00007ffd83aa5000 	E:\Android\jbr\bin\java.dll
0x00007ffd87af0000 - 0x00007ffd87b08000 	E:\Android\jbr\bin\zip.dll
0x00007ffda28f0000 - 0x00007ffda3148000 	C:\WINDOWS\System32\SHELL32.dll
0x00007ffd9f5e0000 - 0x00007ffd9fed2000 	C:\WINDOWS\SYSTEM32\windows.storage.dll
0x00007ffd9f4a0000 - 0x00007ffd9f5de000 	C:\WINDOWS\SYSTEM32\wintypes.dll
0x00007ffda3730000 - 0x00007ffda3823000 	C:\WINDOWS\System32\SHCORE.dll
0x00007ffda3150000 - 0x00007ffda31ae000 	C:\WINDOWS\System32\shlwapi.dll
0x00007ffda15a0000 - 0x00007ffda15c6000 	C:\WINDOWS\SYSTEM32\profapi.dll
0x00007ffd866f0000 - 0x00007ffd86709000 	E:\Android\jbr\bin\net.dll
0x00007ffd941f0000 - 0x00007ffd94327000 	C:\WINDOWS\SYSTEM32\WINHTTP.dll
0x00007ffda0c20000 - 0x00007ffda0c89000 	C:\WINDOWS\system32\mswsock.dll
0x00007ffd753d0000 - 0x00007ffd753e6000 	E:\Android\jbr\bin\nio.dll
0x00007ffd94040000 - 0x00007ffd94050000 	E:\Android\jbr\bin\verify.dll

dbghelp: loaded successfully - version: 4.0.5 - missing functions: none
symbol engine: initialized successfully - sym options: 0x614 - pdb path: .;E:\Android\jbr\bin;C:\WINDOWS\SYSTEM32;C:\WINDOWS\WinSxS\amd64_microsoft.windows.common-controls_6595b64144ccf1df_6.0.22621.2361_none_2712ced57382f843;E:\Android\jbr\bin\server

VM Arguments:
java_command: org.jetbrains.kotlin.cli.jvm.K2JVMCompiler @E:\hhhh\simple-calendar-master\simple-calendar-master\app\build\20231107_12563043089208856371.compiler.options
java_class_path (initial): C:\Users\pc\.gradle\caches\modules-2\files-2.1\org.jetbrains.kotlin\kotlin-compiler-embeddable\1.9.10\57ca1b0823ae3ecb451a97e1f8e6de0b19ea5294\kotlin-compiler-embeddable-1.9.10.jar;C:\Users\pc\.gradle\caches\modules-2\files-2.1\org.jetbrains.kotlin\kotlin-stdlib\1.9.10\72812e8a368917ab5c0a5081b56915ffdfec93b7\kotlin-stdlib-1.9.10.jar;C:\Users\pc\.gradle\caches\modules-2\files-2.1\org.jetbrains.kotlin\kotlin-script-runtime\1.9.10\398513a8534701579cccaf5953ea914416b4696c\kotlin-script-runtime-1.9.10.jar;C:\Users\pc\.gradle\caches\modules-2\files-2.1\org.jetbrains.kotlin\kotlin-reflect\1.6.10\1cbe9c92c12a94eea200d23c2bbaedaf3daf5132\kotlin-reflect-1.6.10.jar;C:\Users\pc\.gradle\caches\modules-2\files-2.1\org.jetbrains.kotlin\kotlin-daemon-embeddable\1.9.10\bda2f7daa6b89d2ded2d9e1e0b0cadaf9446ade1\kotlin-daemon-embeddable-1.9.10.jar;C:\Users\pc\.gradle\caches\modules-2\files-2.1\org.jetbrains.intellij.deps\trove4j\1.0.20200330\3afb14d5f9ceb459d724e907a21145e8ff394f02\trove4j-1.0.20200330.jar;C:\Users\pc\.gradle\caches\modules-2\files-2.1\org.jetbrains.kotlin\kotlin-stdlib-common\1.9.10\dafaf2c27f27c09220cee312df10917d9a5d97ce\kotlin-stdlib-common-1.9.10.jar;C:\Users\pc\.gradle\caches\modules-2\files-2.1\org.jetbrains\annotations\13.0\919f0dfe192fb4e063e7dacadee7f8bb9a2672a9\annotations-13.0.jar
Launcher Type: SUN_STANDARD

[Global flags]
     intx CICompilerCount                          = 3                                         {product} {ergonomic}
     uint ConcGCThreads                            = 1                                         {product} {ergonomic}
     uint G1ConcRefinementThreads                  = 4                                         {product} {ergonomic}
   size_t G1HeapRegionSize                         = 1048576                                   {product} {ergonomic}
    uintx GCDrainStackTargetSize                   = 64                                        {product} {ergonomic}
   size_t InitialHeapSize                          = 67108864                                  {product} {ergonomic}
   size_t MarkStackSize                            = 4194304                                   {product} {ergonomic}
   size_t MaxHeapSize                              = 1044381696                                {product} {ergonomic}
   size_t MaxNewSize                               = 625999872                                 {product} {ergonomic}
   size_t MinHeapDeltaBytes                        = 1048576                                   {product} {ergonomic}
   size_t MinHeapSize                              = 8388608                                   {product} {ergonomic}
    uintx NonNMethodCodeHeapSize                   = 5832780                                {pd product} {ergonomic}
    uintx NonProfiledCodeHeapSize                  = 122912730                              {pd product} {ergonomic}
    uintx ProfiledCodeHeapSize                     = 122912730                              {pd product} {ergonomic}
    uintx ReservedCodeCacheSize                    = 251658240                              {pd product} {ergonomic}
     bool SegmentedCodeCache                       = true                                      {product} {ergonomic}
   size_t SoftMaxHeapSize                          = 1044381696                             {manageable} {ergonomic}
     bool UseCompressedClassPointers               = true                           {product lp64_product} {ergonomic}
     bool UseCompressedOops                        = true                           {product lp64_product} {ergonomic}
     bool UseG1GC                                  = true                                      {product} {ergonomic}
     bool UseLargePagesIndividualAllocation        = false                                  {pd product} {ergonomic}

Logging:
Log output configuration:
 #0: stdout all=warning uptime,level,tags
 #1: stderr all=off uptime,level,tags

Environment Variables:
PATH=C:\Program Files\Common Files\Oracle\Java\javapath;C:\Program Files (x86)\Common Files\Oracle\Java\javapath;C:\Windows\system32;C:\Windows;C:\Windows\System32\Wbem;C:\Windows\System32\WindowsPowerShell\v1.0\;C:\Windows\System32\OpenSSH\;C:\Program Files (x86)\NVIDIA Corporation\PhysX\Common;C:\Program Files\NVIDIA Corporation\NVIDIA NvDLISR;C:\WINDOWS\system32;C:\WINDOWS;C:\WINDOWS\System32\Wbem;C:\WINDOWS\System32\WindowsPowerShell\v1.0\;C:\WINDOWS\System32\OpenSSH\;C:\Program Files\Azure Data Studio\bin;C:\Program Files\Microsoft SQL Server\Client SDK\ODBC\170\Tools\Binn\;C:\Program Files\dotnet\;C:\Program Files (x86)\Microsoft SQL Server\150\Tools\Binn\;C:\Program Files\Microsoft SQL Server\150\Tools\Binn\;C:\Program Files\Microsoft SQL Server\150\DTS\Binn\;C:\WINDOWS\system32;C:\WINDOWS;C:\WINDOWS\System32\Wbem;C:\WINDOWS\System32\WindowsPowerShell\v1.0\;C:\WINDOWS\System32\OpenSSH\;C:\Program Files (x86)\Microsoft SQL Server\150\DTS\Binn\;C:\Program Files\Git\cmd;C:\Program Files\MySQL\MySQL Shell 8.0\bin\;C:\Users\pc\AppData\Local\Microsoft\WindowsApps;C:\Program Files\Azure Data Studio\bin;C:\Users\pc\.dotnet\tools;E:\Microsoft VS Code\bin;E:\IntelliJ IDEA Community Edition 2023.2.1\bin;;E:\IntelliJ IDEA 2023.1.2\bin;
USERNAME=pc
OS=Windows_NT
PROCESSOR_IDENTIFIER=Intel64 Family 6 Model 142 Stepping 12, GenuineIntel
TMP=C:\Users\pc\AppData\Local\Temp
TEMP=C:\Users\pc\AppData\Local\Temp


JNI global refs:
JNI global refs: 10, weak refs: 34

JNI global refs memory usage: 843, weak refs: 841


---------------  S Y S T E M  ---------------

OS:
 Windows 11 , 64 bit Build 22621 (10.0.22621.2428)
OS uptime: 3 days 2:17 hours

CPU: total 4 (initial active 4) (2 cores per cpu, 2 threads per core) family 6 model 142 stepping 12 microcode 0xde, cx8, cmov, fxsr, ht, mmx, 3dnowpref, sse, sse2, sse3, ssse3, sse4.1, sse4.2, popcnt, lzcnt, tsc, tscinvbit, avx, avx2, aes, erms, clmul, bmi1, bmi2, adx, fma, vzeroupper, clflush, clflushopt

Memory: 4k page, system-wide physical 3976M (609M free)
TotalPageFile size 16264M (AvailPageFile size 0M)
current process WorkingSet (physical memory assigned to process): 197M, peak: 197M
current process commit charge ("private bytes"): 264M, peak: 264M

vm_info: OpenJDK 64-Bit Server VM (17.0.6+0-b2043.56-10027231) for windows-amd64 JRE (17.0.6+0-b2043.56-10027231), built on Apr 28 2023 00:43:19 by "androidbuild" with MS VC++ 16.10 / 16.11 (VS2019)

END.
